<?xml version="1.0" encoding="UTF-8"?>
<!-- Generated by org.testng.reporters.JUnitReportReporter -->
<testsuite hostname="DESKTOP-9UCUNCM" failures="0" tests="1" name="com.ecommerce.testcases.SubmitOrder" time="32.137" errors="0" timestamp="2022-11-13T17:18:17 PST" skipped="0">
  <testcase classname="com.ecommerce.testcases.SubmitOrder" name="submitOrder" time="32.137"/>
  <system-out/>
</testsuite> <!-- com.ecommerce.testcases.SubmitOrder -->
