<?xml version="1.0" encoding="UTF-8"?>
<!-- Generated by org.testng.reporters.JUnitReportReporter -->
<testsuite hostname="DESKTOP-9UCUNCM" failures="0" tests="3" name="com.ecommerce.testcases.SubmitOrderTest" time="86.661" errors="0" timestamp="2022-11-17T13:40:26 PST" skipped="0">
  <testcase classname="com.ecommerce.testcases.SubmitOrderTest" name="orderHistory" time="22.715"/>
  <system-out/>
  <testcase classname="com.ecommerce.testcases.SubmitOrderTest" name="submitOrder" time="33.427"/>
  <system-out/>
  <testcase classname="com.ecommerce.testcases.SubmitOrderTest" name="submitOrder" time="30.519"/>
  <system-out/>
</testsuite> <!-- com.ecommerce.testcases.SubmitOrderTest -->
