<?xml version="1.0" encoding="UTF-8"?>
<!-- Generated by org.testng.reporters.JUnitReportReporter -->
<testsuite hostname="DESKTOP-9UCUNCM" failures="0" tests="1" name="com.ecommerce.testcases.ErrorValidation" time="26.708" errors="0" timestamp="2022-11-13T20:23:24 PST" skipped="0">
  <testcase classname="com.ecommerce.testcases.ErrorValidation" name="errorProductValidation" time="26.708"/>
  <system-out/>
</testsuite> <!-- com.ecommerce.testcases.ErrorValidation -->
